<?xml version="1.0" encoding="UTF-8"?>
<!-- Generated by org.testng.reporters.JUnitReportReporter -->
<testsuite hostname="del1-lhp-n77221" failures="0" tests="1" name="com.app.testCases.TC_RequestQutoation_001" time="7.345" errors="0" timestamp="2023-10-03T10:56:11 IST" skipped="0">
  <testcase classname="com.app.testCases.TC_RequestQutoation_001" name="requestQuotation" time="7.345"/>
  <system-out/>
</testsuite> <!-- com.app.testCases.TC_RequestQutoation_001 -->
