<?xml version="1.0" encoding="UTF-8"?>
<!-- Generated by org.testng.reporters.JUnitReportReporter -->
<testsuite hostname="del1-lhp-n77221" failures="0" tests="1" name="com.app.testCases.TC_LoginTest_001" time="4.195" errors="0" timestamp="2023-10-03T12:33:19 IST" skipped="0">
  <testcase classname="com.app.testCases.TC_LoginTest_001" name="loginTest" time="4.195"/>
  <system-out/>
</testsuite> <!-- com.app.testCases.TC_LoginTest_001 -->
